<?xml version="1.0" encoding="UTF-8"?>
<!-- Generated by org.testng.reporters.JUnitReportReporter -->
<testsuite hostname="Radhey" failures="0" tests="1" name="com.kirannn.Test1" time="0.001" errors="0" timestamp="13 May 2023 09:17:06 GMT" skipped="0">
  <testcase classname="com.kirannn.Test1" name="Test" time="0.001"/>
</testsuite> <!-- com.kirannn.Test1 -->
