<?xml version="1.0" encoding="UTF-8"?>
<!-- Generated by org.testng.reporters.JUnitReportReporter -->
<testsuite hostname="Radhey" failures="0" tests="2" name="com.login.TestPage" time="1.738" errors="0" timestamp="13 May 2023 08:50:00 GMT" skipped="0">
  <testcase classname="com.login.TestPage" name="test01" time="1.659"/>
  <testcase classname="com.login.TestPage" name="test02" time="0.079"/>
</testsuite> <!-- com.login.TestPage -->
